{"numTotalTestSuites":8,"numPassedTestSuites":8,"numFailedTestSuites":0,"numPendingTestSuites":0,"numTotalTests":58,"numPassedTests":58,"numFailedTests":0,"numPendingTests":0,"numTodoTests":0,"snapshot":{"added":0,"failure":false,"filesAdded":0,"filesRemoved":0,"filesRemovedList":[],"filesUnmatched":0,"filesUpdated":0,"matched":0,"total":0,"unchecked":0,"uncheckedKeysByFile":[],"unmatched":0,"updated":0,"didUpdate":false},"startTime":1777452013247,"success":true,"testResults":[{"assertionResults":[{"ancestorTitles":["numVardiem","veseli eiro, bez centiem"],"fullName":"numVardiem veseli eiro, bez centiem nulle","status":"passed","title":"nulle","duration":1.616299999999967,"failureMessages":[],"meta":{},"tags":[]},{"ancestorTitles":["numVardiem","veseli eiro, bez centiem"],"fullName":"numVardiem veseli eiro, bez centiem 1","status":"passed","title":"1","duration":0.22530000000000427,"failureMessages":[],"meta":{},"tags":[]},{"ancestorTitles":["numVardiem","veseli eiro, bez centiem"],"fullName":"numVardiem veseli eiro, bez centiem 2","status":"passed","title":"2","duration":0.12749999999999773,"failureMessages":[],"meta":{},"tags":[]},{"ancestorTitles":["numVardiem","veseli eiro, bez centiem"],"fullName":"numVardiem veseli eiro, bez centiem 3","status":"passed","title":"3","duration":0.1412000000000262,"failureMessages":[],"meta":{},"tags":[]},{"ancestorTitles":["numVardiem","veseli eiro, bez centiem"],"fullName":"numVardiem veseli eiro, bez centiem 9","status":"passed","title":"9","duration":0.13440000000002783,"failureMessages":[],"meta":{},"tags":[]},{"ancestorTitles":["numVardiem","veseli eiro, bez centiem"],"fullName":"numVardiem veseli eiro, bez centiem 10","status":"passed","title":"10","duration":0.11590000000001055,"failureMessages":[],"meta":{},"tags":[]},{"ancestorTitles":["numVardiem","veseli eiro, bez centiem"],"fullName":"numVardiem veseli eiro, bez centiem 11","status":"passed","title":"11","duration":0.11410000000000764,"failureMessages":[],"meta":{},"tags":[]},{"ancestorTitles":["numVardiem","veseli eiro, bez centiem"],"fullName":"numVardiem veseli eiro, bez centiem 12","status":"passed","title":"12","duration":0.13519999999999754,"failureMessages":[],"meta":{},"tags":[]},{"ancestorTitles":["numVardiem","veseli eiro, bez centiem"],"fullName":"numVardiem veseli eiro, bez centiem 19","status":"passed","title":"19","duration":0.2178000000000111,"failureMessages":[],"meta":{},"tags":[]},{"ancestorTitles":["numVardiem","veseli eiro, bez centiem"],"fullName":"numVardiem veseli eiro, bez centiem 20","status":"passed","title":"20","duration":0.17879999999996699,"failureMessages":[],"meta":{},"tags":[]},{"ancestorTitles":["numVardiem","veseli eiro, bez centiem"],"fullName":"numVardiem veseli eiro, bez centiem 21","status":"passed","title":"21","duration":0.10650000000003956,"failureMessages":[],"meta":{},"tags":[]},{"ancestorTitles":["numVardiem","veseli eiro, bez centiem"],"fullName":"numVardiem veseli eiro, bez centiem 99","status":"passed","title":"99","duration":0.1108000000000402,"failureMessages":[],"meta":{},"tags":[]},{"ancestorTitles":["numVardiem","veseli eiro, bez centiem"],"fullName":"numVardiem veseli eiro, bez centiem 100","status":"passed","title":"100","duration":0.077699999999993,"failureMessages":[],"meta":{},"tags":[]},{"ancestorTitles":["numVardiem","veseli eiro, bez centiem"],"fullName":"numVardiem veseli eiro, bez centiem 200","status":"passed","title":"200","duration":0.07309999999995398,"failureMessages":[],"meta":{},"tags":[]},{"ancestorTitles":["numVardiem","veseli eiro, bez centiem"],"fullName":"numVardiem veseli eiro, bez centiem 101","status":"passed","title":"101","duration":0.1342999999999961,"failureMessages":[],"meta":{},"tags":[]},{"ancestorTitles":["numVardiem","veseli eiro, bez centiem"],"fullName":"numVardiem veseli eiro, bez centiem 999","status":"passed","title":"999","duration":0.08589999999998099,"failureMessages":[],"meta":{},"tags":[]},{"ancestorTitles":["numVardiem","veseli eiro, bez centiem"],"fullName":"numVardiem veseli eiro, bez centiem 1000","status":"passed","title":"1000","duration":0.07480000000003884,"failureMessages":[],"meta":{},"tags":[]},{"ancestorTitles":["numVardiem","veseli eiro, bez centiem"],"fullName":"numVardiem veseli eiro, bez centiem 2000","status":"passed","title":"2000","duration":0.06550000000004275,"failureMessages":[],"meta":{},"tags":[]},{"ancestorTitles":["numVardiem","veseli eiro, bez centiem"],"fullName":"numVardiem veseli eiro, bez centiem 1001","status":"passed","title":"1001","duration":0.1110999999999649,"failureMessages":[],"meta":{},"tags":[]},{"ancestorTitles":["numVardiem","veseli eiro, bez centiem"],"fullName":"numVardiem veseli eiro, bez centiem 1234","status":"passed","title":"1234","duration":0.17390000000000327,"failureMessages":[],"meta":{},"tags":[]},{"ancestorTitles":["numVardiem","centi"],"fullName":"numVardiem centi 1.50","status":"passed","title":"1.50","duration":0.11660000000000537,"failureMessages":[],"meta":{},"tags":[]},{"ancestorTitles":["numVardiem","centi"],"fullName":"numVardiem centi 0.01","status":"passed","title":"0.01","duration":0.21179999999998245,"failureMessages":[],"meta":{},"tags":[]},{"ancestorTitles":["numVardiem","centi"],"fullName":"numVardiem centi 0.99","status":"passed","title":"0.99","duration":0.3340000000000032,"failureMessages":[],"meta":{},"tags":[]},{"ancestorTitles":["numVardiem","centi"],"fullName":"numVardiem centi 5.05","status":"passed","title":"5.05","duration":0.22980000000001155,"failureMessages":[],"meta":{},"tags":[]},{"ancestorTitles":["numVardiem","centi"],"fullName":"numVardiem centi 12.34","status":"passed","title":"12.34","duration":0.21930000000003247,"failureMessages":[],"meta":{},"tags":[]},{"ancestorTitles":["numVardiem","noapaļošana"],"fullName":"numVardiem noapaļošana noapaļo 1.999 → 2.00","status":"passed","title":"noapaļo 1.999 → 2.00","duration":0.0917999999999779,"failureMessages":[],"meta":{},"tags":[]},{"ancestorTitles":["numVardiem","noapaļošana"],"fullName":"numVardiem noapaļošana noapaļo 0.004 → 0.00","status":"passed","title":"noapaļo 0.004 → 0.00","duration":0.0776000000000181,"failureMessages":[],"meta":{},"tags":[]},{"ancestorTitles":["numVardiem","noapaļošana"],"fullName":"numVardiem noapaļošana noapaļo 0.005 → 0.01","status":"passed","title":"noapaļo 0.005 → 0.01","duration":0.07290000000000418,"failureMessages":[],"meta":{},"tags":[]},{"ancestorTitles":["renderFnText"],"fullName":"renderFnText aizstāj zināmu placeholderi","status":"passed","title":"aizstāj zināmu placeholderi","duration":0.25270000000000437,"failureMessages":[],"meta":{},"tags":[]},{"ancestorTitles":["renderFnText"],"fullName":"renderFnText atstāj nezināmu placeholderi nemainītu","status":"passed","title":"atstāj nezināmu placeholderi nemainītu","duration":0.12930000000000064,"failureMessages":[],"meta":{},"tags":[]},{"ancestorTitles":["renderFnText"],"fullName":"renderFnText aizstāj vairākus placeholderus","status":"passed","title":"aizstāj vairākus placeholderus","duration":0.09430000000003247,"failureMessages":[],"meta":{},"tags":[]},{"ancestorTitles":["renderFnText"],"fullName":"renderFnText teksts bez placeholderiem","status":"passed","title":"teksts bez placeholderiem","duration":0.12279999999998381,"failureMessages":[],"meta":{},"tags":[]},{"ancestorTitles":["renderFnText"],"fullName":"renderFnText aizstāj tukšu vērtību","status":"passed","title":"aizstāj tukšu vērtību","duration":0.07909999999998263,"failureMessages":[],"meta":{},"tags":[]},{"ancestorTitles":["mergeData"],"fullName":"mergeData pielieto PVN cenai par m²","status":"passed","title":"pielieto PVN cenai par m²","duration":0.29300000000000637,"failureMessages":[],"meta":{},"tags":[]},{"ancestorTitles":["mergeData"],"fullName":"mergeData pielieto PVN vienības cenai","status":"passed","title":"pielieto PVN vienības cenai","duration":0.09230000000002292,"failureMessages":[],"meta":{},"tags":[]},{"ancestorTitles":["mergeData"],"fullName":"mergeData aprēķina maksPlatibaiArPVN","status":"passed","title":"aprēķina maksPlatibaiArPVN","duration":0.07479999999998199,"failureMessages":[],"meta":{},"tags":[]},{"ancestorTitles":["mergeData"],"fullName":"mergeData aprēķina maksVienibamArPVN","status":"passed","title":"aprēķina maksVienibamArPVN","duration":0.07089999999999463,"failureMessages":[],"meta":{},"tags":[]},{"ancestorTitles":["mergeData"],"fullName":"mergeData aprēķina kopsummu kā maksPlatibai + maksVienibam","status":"passed","title":"aprēķina kopsummu kā maksPlatibai + maksVienibam","duration":0.09770000000003165,"failureMessages":[],"meta":{},"tags":[]},{"ancestorTitles":["mergeData"],"fullName":"mergeData izmanto alokatoru platību, ja nav cfg.heatedArea","status":"passed","title":"izmanto alokatoru platību, ja nav cfg.heatedArea","duration":0.08539999999999281,"failureMessages":[],"meta":{},"tags":[]},{"ancestorTitles":["mergeData"],"fullName":"mergeData rezerves uz cfg.heatedArea, ja alokatoros nav platības","status":"passed","title":"rezerves uz cfg.heatedArea, ja alokatoros nav platības","duration":0.10230000000001382,"failureMessages":[],"meta":{},"tags":[]},{"ancestorTitles":["mergeData"],"fullName":"mergeData rezerves uz cfg.area, ja nav ne platibas, ne heatedArea","status":"passed","title":"rezerves uz cfg.area, ja nav ne platibas, ne heatedArea","duration":0.10039999999997917,"failureMessages":[],"meta":{},"tags":[]},{"ancestorTitles":["mergeData"],"fullName":"mergeData saglabā skaitītāju rādījumus","status":"passed","title":"saglabā skaitītāju rādījumus","duration":0.09309999999999263,"failureMessages":[],"meta":{},"tags":[]},{"ancestorTitles":["mergeData"],"fullName":"mergeData dzīvoklis bez alokatoru datiem — nulles vērtības","status":"passed","title":"dzīvoklis bez alokatoru datiem — nulles vērtības","duration":0.09030000000001337,"failureMessages":[],"meta":{},"tags":[]},{"ancestorTitles":["mergeData"],"fullName":"mergeData izmanto cfg.owner, ja tas aizstāj atskaites owner","status":"passed","title":"izmanto cfg.owner, ja tas aizstāj atskaites owner","duration":0.08360000000004675,"failureMessages":[],"meta":{},"tags":[]},{"ancestorTitles":["calcAptBill"],"fullName":"calcAptBill rAU = round(auKopa × tAU, 2)","status":"passed","title":"rAU = round(auKopa × tAU, 2)","duration":0.21550000000002,"failureMessages":[],"meta":{},"tags":[]},{"ancestorTitles":["calcAptBill"],"fullName":"calcAptBill rKU = round(kuKopa × tKU, 2)","status":"passed","title":"rKU = round(kuKopa × tKU, 2)","duration":0.09199999999998454,"failureMessages":[],"meta":{},"tags":[]},{"ancestorTitles":["calcAptBill"],"fullName":"calcAptBill rCirk = round(circGroup × cirkulTarif, 2)","status":"passed","title":"rCirk = round(circGroup × cirkulTarif, 2)","duration":0.10140000000001237,"failureMessages":[],"meta":{},"tags":[]},{"ancestorTitles":["calcAptBill"],"fullName":"calcAptBill rLietus = lietusMen (1 dz.)","status":"passed","title":"rLietus = lietusMen (1 dz.)","duration":0.08640000000002601,"failureMessages":[],"meta":{},"tags":[]},{"ancestorTitles":["calcAptBill"],"fullName":"calcAptBill rAtk = round(atkritumiPerPers × residents, 2)","status":"passed","title":"rAtk = round(atkritumiPerPers × residents, 2)","duration":0.07209999999997763,"failureMessages":[],"meta":{},"tags":[]},{"ancestorTitles":["calcAptBill"],"fullName":"calcAptBill rKoplEl = tKoplEl (nemainīgs uz dz.)","status":"passed","title":"rKoplEl = tKoplEl (nemainīgs uz dz.)","duration":0.06730000000004566,"failureMessages":[],"meta":{},"tags":[]},{"ancestorTitles":["calcAptBill"],"fullName":"calcAptBill rApsam = round(area × tApsam, 2)","status":"passed","title":"rApsam = round(area × tApsam, 2)","duration":0.07040000000000646,"failureMessages":[],"meta":{},"tags":[]},{"ancestorTitles":["calcAptBill"],"fullName":"calcAptBill rRem = round(area × tRem, 2)","status":"passed","title":"rRem = round(area × tRem, 2)","duration":0.09719999999998663,"failureMessages":[],"meta":{},"tags":[]},{"ancestorTitles":["calcAptBill"],"fullName":"calcAptBill rSiltmez = round(area × tSiltmez, 2)","status":"passed","title":"rSiltmez = round(area × tSiltmez, 2)","duration":0.06880000000001019,"failureMessages":[],"meta":{},"tags":[]},{"ancestorTitles":["calcAptBill"],"fullName":"calcAptBill apkure nav iekļauta pēc noklusējuma (rApkM2=0, rApkAlok=0)","status":"passed","title":"apkure nav iekļauta pēc noklusējuma (rApkM2=0, rApkAlok=0)","duration":0.08510000000001128,"failureMessages":[],"meta":{},"tags":[]},{"ancestorTitles":["calcAptBill"],"fullName":"calcAptBill apkure tiek iekļauta, ja heatingIncluded=true","status":"passed","title":"apkure tiek iekļauta, ja heatingIncluded=true","duration":0.09319999999996753,"failureMessages":[],"meta":{},"tags":[]},{"ancestorTitles":["calcAptBill"],"fullName":"calcAptBill circGroup=0 → rCirk=0","status":"passed","title":"circGroup=0 → rCirk=0","duration":0.07300000000003593,"failureMessages":[],"meta":{},"tags":[]},{"ancestorTitles":["calcAptBill"],"fullName":"calcAptBill residents=0 → rAtk=0","status":"passed","title":"residents=0 → rAtk=0","duration":0.06979999999998654,"failureMessages":[],"meta":{},"tags":[]},{"ancestorTitles":["calcAptBill"],"fullName":"calcAptBill visi nulle tarifi + nulle alokatoru summas → visi nulle maksājumi","status":"passed","title":"visi nulle tarifi + nulle alokatoru summas → visi nulle maksājumi","duration":0.10340000000002192,"failureMessages":[],"meta":{},"tags":[]}],"startTime":1777452013575,"endTime":1777452013584.1035,"status":"passed","message":"","name":"C:/Users/hedij/dzib166_calculation/src/calc.test.js"}]}